# JRE version: Java(TM) SE Runtime Environment (8.0_60-b27) (build 1.8.0_60-b27)
# Java VM: Java HotSpot(TM) 64-Bit Server VM (25.60-b23 mixed mode linux-amd64 compressed oops)
Heap:
 PSYoungGen      total 224256K, used 41807K [0x00000000ebd00000, 0x0000000100000000, 0x0000000100000000)
  eden space 148992K, 28% used [0x00000000ebd00000,0x00000000ee5c3eb0,0x00000000f4e80000)
  from space 75264K, 0% used [0x00000000f4e80000,0x00000000f4e90000,0x00000000f9800000)
  to   space 75264K, 0% used [0x00000000fb680000,0x00000000fb680000,0x0000000100000000)
 ParOldGen       total 423424K, used 306185K [0x00000000c3600000, 0x00000000dd380000, 0x00000000ebd00000)
  object space 423424K, 72% used [0x00000000c3600000,0x00000000d6102630,0x00000000dd380000)
 Metaspace       used 25272K, capacity 25448K, committed 25600K, reserved 1071104K
  class space    used 2998K, capacity 3036K, committed 3072K, reserved 1048576K
GC Heap History (10 events):
Event: 595,785 GC heap before
{Heap before GC invocations=24 (full 6):
 PSYoungGen      total 184320K, used 27680K [0x00000000ebd00000, 0x00000000fc100000, 0x0000000100000000)
  eden space 112640K, 0% used [0x00000000ebd00000,0x00000000ebd00000,0x00000000f2b00000)
  from space 71680K, 38% used [0x00000000f6d00000,0x00000000f8808010,0x00000000fb300000)
  to   space 67584K, 0% used [0x00000000f2b00000,0x00000000f2b00000,0x00000000f6d00000)
 ParOldGen       total 358912K, used 328370K [0x00000000c3600000, 0x00000000d9480000, 0x00000000ebd00000)
  object space 358912K, 91% used [0x00000000c3600000,0x00000000d76acbc8,0x00000000d9480000)
 Metaspace       used 25272K, capacity 25448K, committed 25600K, reserved 1071104K
  class space    used 2998K, capacity 3036K, committed 3072K, reserved 1048576K
Event: 596,660 GC heap after
Heap after GC invocations=24 (full 6):
 PSYoungGen      total 184320K, used 0K [0x00000000ebd00000, 0x00000000fc100000, 0x0000000100000000)
  eden space 112640K, 0% used [0x00000000ebd00000,0x00000000ebd00000,0x00000000f2b00000)
  from space 71680K, 0% used [0x00000000f6d00000,0x00000000f6d00000,0x00000000fb300000)
  to   space 67584K, 0% used [0x00000000f2b00000,0x00000000f2b00000,0x00000000f6d00000)
 ParOldGen       total 339456K, used 223241K [0x00000000c3600000, 0x00000000d8180000, 0x00000000ebd00000)
  object space 339456K, 65% used [0x00000000c3600000,0x00000000d1002438,0x00000000d8180000)
 Metaspace       used 25272K, capacity 25448K, committed 25600K, reserved 1071104K
  class space    used 2998K, capacity 3036K, committed 3072K, reserved 1048576K
}
Event: 596,957 GC heap before
{Heap before GC invocations=25 (full 6):
 PSYoungGen      total 184320K, used 65186K [0x00000000ebd00000, 0x00000000fc100000, 0x0000000100000000)
  eden space 112640K, 57% used [0x00000000ebd00000,0x00000000efca8960,0x00000000f2b00000)
  from space 71680K, 0% used [0x00000000f6d00000,0x00000000f6d00000,0x00000000fb300000)
  to   space 67584K, 0% used [0x00000000f2b00000,0x00000000f2b00000,0x00000000f6d00000)
 ParOldGen       total 339456K, used 223241K [0x00000000c3600000, 0x00000000d8180000, 0x00000000ebd00000)
  object space 339456K, 65% used [0x00000000c3600000,0x00000000d1002438,0x00000000d8180000)
 Metaspace       used 25272K, capacity 25448K, committed 25600K, reserved 1071104K
  class space    used 2998K, capacity 3036K, committed 3072K, reserved 1048576K
Event: 596,959 GC heap after
Heap after GC invocations=25 (full 6):
 PSYoungGen      total 180224K, used 32K [0x00000000ebd00000, 0x00000000fda80000, 0x0000000100000000)
  eden space 112640K, 0% used [0x00000000ebd00000,0x00000000ebd00000,0x00000000f2b00000)
  from space 67584K, 0% used [0x00000000f2b00000,0x00000000f2b08000,0x00000000f6d00000)
  to   space 68096K, 0% used [0x00000000f9800000,0x00000000f9800000,0x00000000fda80000)
 ParOldGen       total 339456K, used 223241K [0x00000000c3600000, 0x00000000d8180000, 0x00000000ebd00000)
  object space 339456K, 65% used [0x00000000c3600000,0x00000000d1002438,0x00000000d8180000)
 Metaspace       used 25272K, capacity 25448K, committed 25600K, reserved 1071104K
  class space    used 2998K, capacity 3036K, committed 3072K, reserved 1048576K
}
Event: 597,001 GC heap before
{Heap before GC invocations=26 (full 6):
 PSYoungGen      total 180224K, used 112672K [0x00000000ebd00000, 0x00000000fda80000, 0x0000000100000000)
  eden space 112640K, 100% used [0x00000000ebd00000,0x00000000f2b00000,0x00000000f2b00000)
  from space 67584K, 0% used [0x00000000f2b00000,0x00000000f2b08000,0x00000000f6d00000)
  to   space 68096K, 0% used [0x00000000f9800000,0x00000000f9800000,0x00000000fda80000)
 ParOldGen       total 339456K, used 223241K [0x00000000c3600000, 0x00000000d8180000, 0x00000000ebd00000)
  object space 339456K, 65% used [0x00000000c3600000,0x00000000d1002438,0x00000000d8180000)
 Metaspace       used 25272K, capacity 25448K, committed 25600K, reserved 1071104K
  class space    used 2998K, capacity 3036K, committed 3072K, reserved 1048576K
Event: 597,061 GC heap after
Heap after GC invocations=26 (full 6):
 PSYoungGen      total 217088K, used 55360K [0x00000000ebd00000, 0x00000000fe900000, 0x0000000100000000)
  eden space 148992K, 0% used [0x00000000ebd00000,0x00000000ebd00000,0x00000000f4e80000)
  from space 68096K, 81% used [0x00000000f9800000,0x00000000fce10010,0x00000000fda80000)
  to   space 75264K, 0% used [0x00000000f4e80000,0x00000000f4e80000,0x00000000f9800000)
 ParOldGen       total 339456K, used 223249K [0x00000000c3600000, 0x00000000d8180000, 0x00000000ebd00000)
  object space 339456K, 65% used [0x00000000c3600000,0x00000000d1004438,0x00000000d8180000)
 Metaspace       used 25272K, capacity 25448K, committed 25600K, reserved 1071104K
  class space    used 2998K, capacity 3036K, committed 3072K, reserved 1048576K
}
Event: 598,999 GC heap before
{Heap before GC invocations=27 (full 7):
 PSYoungGen      total 217088K, used 204352K [0x00000000ebd00000, 0x00000000fe900000, 0x0000000100000000)
  eden space 148992K, 100% used [0x00000000ebd00000,0x00000000f4e80000,0x00000000f4e80000)
  from space 68096K, 81% used [0x00000000f9800000,0x00000000fce10010,0x00000000fda80000)
  to   space 75264K, 0% used [0x00000000f4e80000,0x00000000f4e80000,0x00000000f9800000)
 ParOldGen       total 339456K, used 333841K [0x00000000c3600000, 0x00000000d8180000, 0x00000000ebd00000)
  object space 339456K, 98% used [0x00000000c3600000,0x00000000d7c04448,0x00000000d8180000)
 Metaspace       used 25272K, capacity 25448K, committed 25600K, reserved 1071104K
  class space    used 2998K, capacity 3036K, committed 3072K, reserved 1048576K
Event: 599,735 GC heap after
Heap after GC invocations=27 (full 7):
 PSYoungGen      total 217088K, used 0K [0x00000000ebd00000, 0x00000000fe900000, 0x0000000100000000)
  eden space 148992K, 0% used [0x00000000ebd00000,0x00000000ebd00000,0x00000000f4e80000)
  from space 68096K, 0% used [0x00000000f9800000,0x00000000f9800000,0x00000000fda80000)
  to   space 75264K, 0% used [0x00000000f4e80000,0x00000000f4e80000,0x00000000f9800000)
 ParOldGen       total 423424K, used 306185K [0x00000000c3600000, 0x00000000dd380000, 0x00000000ebd00000)
  object space 423424K, 72% used [0x00000000c3600000,0x00000000d6102630,0x00000000dd380000)
 Metaspace       used 25272K, capacity 25448K, committed 25600K, reserved 1071104K
  class space    used 2998K, capacity 3036K, committed 3072K, reserved 1048576K
}
Event: 599,956 GC heap before
{Heap before GC invocations=28 (full 7):
 PSYoungGen      total 217088K, used 148992K [0x00000000ebd00000, 0x00000000fe900000, 0x0000000100000000)
  eden space 148992K, 100% used [0x00000000ebd00000,0x00000000f4e80000,0x00000000f4e80000)
  from space 68096K, 0% used [0x00000000f9800000,0x00000000f9800000,0x00000000fda80000)
  to   space 75264K, 0% used [0x00000000f4e80000,0x00000000f4e80000,0x00000000f9800000)
 ParOldGen       total 423424K, used 306185K [0x00000000c3600000, 0x00000000dd380000, 0x00000000ebd00000)
  object space 423424K, 72% used [0x00000000c3600000,0x00000000d6102630,0x00000000dd380000)
 Metaspace       used 25272K, capacity 25448K, committed 25600K, reserved 1071104K
  class space    used 2998K, capacity 3036K, committed 3072K, reserved 1048576K
Event: 599,963 GC heap after
Heap after GC invocations=28 (full 7):
 PSYoungGen      total 224256K, used 64K [0x00000000ebd00000, 0x0000000100000000, 0x0000000100000000)
  eden space 148992K, 0% used [0x00000000ebd00000,0x00000000ebd00000,0x00000000f4e80000)
  from space 75264K, 0% used [0x00000000f4e80000,0x00000000f4e90000,0x00000000f9800000)
  to   space 75264K, 0% used [0x00000000fb680000,0x00000000fb680000,0x0000000100000000)
 ParOldGen       total 423424K, used 306185K [0x00000000c3600000, 0x00000000dd380000, 0x00000000ebd00000)
  object space 423424K, 72% used [0x00000000c3600000,0x00000000d6102630,0x00000000dd380000)
 Metaspace       used 25272K, capacity 25448K, committed 25600K, reserved 1071104K
  class space    used 2998K, capacity 3036K, committed 3072K, reserved 1048576K
}

